2021-02-16 14:54:32 INFO  Fox API:66 - ********* Started TC001_REG_user test **********
2021-02-16 14:54:34 INFO  Fox API:52 - ********* Started TC002_LOGIN_user Test **********
2021-02-16 14:54:43 INFO  Fox API:120 - *********  Finished TC002_LOGIN_user Test **********
2021-02-16 14:54:43 INFO  Fox API:52 - ********* Started TC003_RESET_password Test **********
2021-02-16 14:54:51 INFO  Fox API:121 - *********  Finished TC003_RESET_password Test **********
2021-02-16 14:56:34 INFO  Fox API:66 - ********* Started TC001_REG_user test **********
2021-02-16 14:56:37 INFO  Fox API:161 - *********  Finished C001_REG_user test **********
2021-02-16 14:56:37 INFO  Fox API:52 - ********* Started TC002_LOGIN_user Test **********
2021-02-16 14:56:45 INFO  Fox API:120 - *********  Finished TC002_LOGIN_user Test **********
2021-02-16 14:56:45 INFO  Fox API:52 - ********* Started TC003_RESET_password Test **********
2021-02-16 14:56:54 INFO  Fox API:121 - *********  Finished TC003_RESET_password Test **********
2021-02-16 16:17:49 INFO  Practise API:24 - ********* Started TC001_GET_User_List **********
2021-02-16 16:17:53 INFO  Practise API:81 - *********  Finished C001_REG_user test **********
2021-02-16 16:20:42 INFO  Practise API:24 - ********* Started TC001_GET_User_List **********
2021-02-16 16:20:48 INFO  Practise API:81 - *********  Finished C001_REG_user test **********
2021-02-16 16:22:39 INFO  Practise API:24 - ********* Started TC001_GET_User_List **********
2021-02-16 16:22:44 INFO  Practise API:81 - *********  Finished C001_REG_user test **********
2021-02-16 16:24:36 INFO  Practise API:24 - ********* Started TC001_GET_User_List **********
2021-02-16 16:24:41 INFO  Practise API:81 - *********  Finished C001_REG_user test **********
2021-02-16 16:25:23 INFO  Practise API:24 - ********* Started TC001_GET_User_List **********
2021-02-16 16:25:28 INFO  Practise API:81 - *********  Finished C001_REG_user test **********
2021-02-16 16:26:01 INFO  Practise API:24 - ********* Started TC001_GET_User_List **********
2021-02-16 16:26:06 INFO  Practise API:80 - *********  Finished C001_REG_user test **********
2021-02-16 16:27:14 INFO  Practise API:24 - ********* Started TC001_GET_User_List **********
2021-02-16 16:27:18 INFO  Practise API:80 - *********  Finished C001_REG_user test **********
2021-02-16 17:18:55 INFO  Practise API:25 - ********* Started TC001_GET_User_List **********
2021-02-16 17:18:56 INFO  Practise API:80 - *********  Finished C001_REG_user test **********
2021-02-16 17:25:15 INFO  Practise API:25 - ********* Started TC001_GET_User_List **********
2021-02-16 17:25:15 INFO  Practise API:80 - *********  Finished C001_REG_user test **********
2021-02-16 17:31:41 INFO  Practise API:25 - ********* Started TC001_GET_User_List **********
2021-02-16 17:31:41 INFO  Practise API:80 - *********  Finished C001_REG_user test **********
2021-02-16 17:37:56 INFO  Practise API:24 - ********* Started TC001_GET_User_List **********
2021-02-16 17:38:01 INFO  Practise API:80 - *********  Finished TC001_Get_Users_List **********
2021-02-16 17:38:31 INFO  Practise API:24 - ********* Started TC002_GET_Single_User_Details **********
2021-02-16 17:38:36 INFO  Practise API:80 - *********  Finished TC002_Get_Single_User_Details **********
2021-02-16 17:44:42 INFO  Practise API:24 - ********* Started TC003_GET_User_Not_Found **********
2021-02-16 17:44:47 INFO  Practise API:51 - *********  Finished TC003_GET_User_Not_Found **********
2021-02-16 18:02:49 INFO  Practise API:51 - ********* Started TC004_POST_Create_User **********
2021-02-16 18:02:59 INFO  Practise API:119 - *********  Finished TC004_POST_Create_User **********
2021-02-17 10:30:45 INFO  Practise API:24 - ********* Started TC002_GET_Single_User_Details **********
2021-02-17 10:30:50 INFO  Practise API:80 - *********  Finished TC002_Get_Single_User_Details **********
2021-02-17 10:35:08 INFO  Practise API:24 - ********* Started TC001_GET_User_List **********
2021-02-17 10:35:12 INFO  Practise API:80 - *********  Finished TC001_Get_Users_List **********
2021-02-17 10:35:12 INFO  Practise API:24 - ********* Started TC002_GET_Single_User_Details **********
2021-02-17 10:35:12 INFO  Practise API:80 - *********  Finished TC002_Get_Single_User_Details **********
2021-02-17 10:35:12 INFO  Practise API:24 - ********* Started TC003_GET_User_Not_Found **********
2021-02-17 10:35:13 INFO  Practise API:51 - *********  Finished TC003_GET_User_Not_Found **********
2021-02-17 10:39:43 INFO  Practise API:24 - ********* Started TC001_GET_User_List **********
2021-02-17 10:39:47 INFO  Practise API:80 - *********  Finished TC001_Get_Users_List **********
2021-02-17 10:39:47 INFO  Practise API:24 - ********* Started TC002_GET_Single_User_Details **********
2021-02-17 10:39:47 INFO  Practise API:80 - *********  Finished TC002_Get_Single_User_Details **********
2021-02-17 10:39:47 INFO  Practise API:24 - ********* Started TC003_GET_User_Not_Found **********
2021-02-17 10:39:49 INFO  Practise API:51 - *********  Finished TC003_GET_User_Not_Found **********
2021-02-17 10:45:37 INFO  Practise API:51 - ********* Started TC004_POST_Create_User **********
2021-02-17 10:45:46 INFO  Practise API:118 - *********  Finished TC004_POST_Create_User **********
2021-02-18 15:00:04 INFO  Practise API:51 - ********* Started TC004_POST_Create_User **********
2021-02-18 15:00:11 INFO  Practise API:118 - *********  Finished TC004_POST_Create_User **********
2021-02-18 15:06:08 INFO  Practise API:51 - ********* Started TC004_POST_Create_User **********
2021-02-18 15:06:14 INFO  Practise API:118 - *********  Finished TC004_POST_Create_User **********
2021-02-18 15:12:24 INFO  Practise API:51 - ********* Started TC004_POST_Create_User **********
2021-02-18 15:12:30 INFO  Practise API:118 - *********  Finished TC004_POST_Create_User **********
2021-02-18 15:35:51 INFO  Practise API:53 - ********* Started TC004_POST_Create_User **********
2021-02-18 15:35:54 INFO  Practise API:123 - *********  Finished TC004_POST_Create_User **********
2021-02-18 15:38:12 INFO  Practise API:53 - ********* Started TC004_POST_Create_User **********
2021-02-18 15:38:15 INFO  Practise API:123 - *********  Finished TC004_POST_Create_User **********
2021-02-18 15:40:58 INFO  Practise API:55 - ********* Started TC004_POST_Create_User **********
2021-02-18 15:41:01 INFO  Practise API:125 - *********  Finished TC004_POST_Create_User **********
2021-02-18 15:43:55 INFO  Practise API:55 - ********* Started TC004_POST_Create_User **********
2021-02-18 15:44:02 INFO  Practise API:125 - *********  Finished TC004_POST_Create_User **********
2021-02-18 15:45:42 INFO  Practise API:55 - ********* Started TC004_POST_Create_User **********
2021-02-18 15:45:44 INFO  Practise API:125 - *********  Finished TC004_POST_Create_User **********
2021-02-18 16:08:35 INFO  Practise API:55 - ********* Started TC004_POST_Create_User **********
2021-02-18 16:08:38 INFO  Practise API:124 - *********  Finished TC004_POST_Create_User **********
2021-02-18 16:09:54 INFO  Practise API:55 - ********* Started TC004_POST_Create_User **********
2021-02-18 16:09:57 INFO  Practise API:124 - *********  Finished TC004_POST_Create_User **********
2021-02-18 16:10:54 INFO  Practise API:55 - ********* Started TC004_POST_Create_User **********
2021-02-18 16:10:56 INFO  Practise API:124 - *********  Finished TC004_POST_Create_User **********
2021-02-18 16:11:49 INFO  Practise API:55 - ********* Started TC004_POST_Create_User **********
2021-02-18 16:11:51 INFO  Practise API:124 - *********  Finished TC004_POST_Create_User **********
2021-02-18 16:13:05 INFO  Practise API:55 - ********* Started TC004_POST_Create_User **********
2021-02-18 16:13:08 INFO  Practise API:127 - *********  Finished TC004_POST_Create_User **********
2021-02-18 16:20:58 INFO  Practise API:55 - ********* Started TC004_POST_Create_User **********
2021-02-18 16:21:01 INFO  Practise API:98 - *********  Finished TC004_POST_Create_User **********
2021-02-18 16:29:17 INFO  Practise API:23 - ********* Started TC001_GET_User_List **********
2021-02-18 16:29:19 INFO  Practise API:67 - *********  Finished TC001_Get_Users_List **********
2021-02-18 16:56:48 INFO  Practise API:51 - ********* Started TC005_PUT_Update_User **********
2021-02-18 16:56:51 INFO  Practise API:101 - *********  Finished TC005_PUT_Update_User **********
2021-02-18 16:58:13 INFO  Practise API:51 - ********* Started TC005_PUT_Update_User **********
2021-02-18 16:58:16 INFO  Practise API:101 - *********  Finished TC005_PUT_Update_User **********
2021-02-18 17:38:47 INFO  Practise API:51 - ********* Started TC006_DELETE_User **********
2021-02-18 17:38:49 INFO  Practise API:104 - *********  Finished TC006_DELETE_User **********
2021-02-18 17:40:35 INFO  Practise API:51 - ********* Started TC006_DELETE_User **********
2021-02-18 17:40:37 INFO  Practise API:104 - *********  Finished TC006_DELETE_User **********
2021-02-18 17:41:04 INFO  Practise API:51 - ********* Started TC006_DELETE_User **********
2021-02-18 17:41:06 INFO  Practise API:104 - *********  Finished TC006_DELETE_User **********
2021-02-18 17:41:23 INFO  Practise API:51 - ********* Started TC006_DELETE_User **********
2021-02-18 17:41:25 INFO  Practise API:104 - *********  Finished TC006_DELETE_User **********
2021-02-18 18:10:59 INFO  Practise API:51 - ********* Started TC006_DELETE_User **********
2021-02-18 18:11:02 INFO  Practise API:100 - *********  Finished TC006_DELETE_User **********
2021-02-18 18:13:27 INFO  Practise API:51 - ********* Started TC006_DELETE_User **********
2021-02-18 18:13:30 INFO  Practise API:93 - *********  Finished TC006_DELETE_User **********
2021-02-18 18:13:53 INFO  Practise API:51 - ********* Started TC006_DELETE_User **********
2021-02-18 18:13:55 INFO  Practise API:88 - *********  Finished TC006_DELETE_User **********
2021-02-18 18:20:50 INFO  Practise API:51 - ********* Started TC006_Partial_Update_in_User_Info **********
2021-02-18 18:20:52 INFO  Practise API:103 - *********  TC006_Partial_Update_in_User_Info **********
2021-02-18 18:22:51 INFO  Practise API:51 - ********* Started TC006_Partial_Update_in_User_Info **********
2021-02-18 18:22:54 INFO  Practise API:104 - *********  TC006_Partial_Update_in_User_Info **********
2021-02-18 18:24:57 INFO  Practise API:51 - ********* Started TC006_Partial_Update_in_User_Info **********
2021-02-18 18:24:59 INFO  Practise API:105 - *********  TC006_Partial_Update_in_User_Info **********
2021-02-18 18:26:23 INFO  Practise API:51 - ********* Started TC005_PUT_Update_User_Details **********
2021-02-18 18:26:26 INFO  Practise API:104 - *********  Finished TC005_PUT_Update_User_Details **********
2021-02-18 18:28:48 INFO  Practise API:51 - ********* Started TC006_Partial_Update_in_User_Info **********
2021-02-18 18:28:50 INFO  Practise API:105 - *********  TC006_Partial_Update_in_User_Info **********
2021-02-18 18:30:57 INFO  Practise API:51 - ********* Started TC006_Partial_Update_in_User_Info **********
2021-02-18 18:30:59 INFO  Practise API:105 - *********  TC006_Partial_Update_in_User_Info **********
2021-02-18 18:31:37 INFO  Practise API:51 - ********* Started TC006_Partial_Update_in_User_Info **********
2021-02-18 18:31:40 INFO  Practise API:105 - *********  TC006_Partial_Update_in_User_Info **********
2021-02-18 18:45:56 INFO  Practise API:23 - ********* Started TC001_GET_User_List **********
2021-02-18 18:45:58 INFO  Practise API:72 - *********  Finished TC001_Get_Users_List **********
2021-02-18 18:45:58 INFO  Practise API:23 - ********* Started TC002_GET_Single_User_Details **********
2021-02-18 18:45:58 INFO  Practise API:72 - *********  Finished TC002_Get_Single_User_Details **********
2021-02-18 18:45:58 INFO  Practise API:23 - ********* Started TC003_GET_User_Not_Found **********
2021-02-18 18:45:59 INFO  Practise API:53 - *********  Finished TC003_GET_User_Not_Found **********
2021-02-18 18:45:59 INFO  Practise API:51 - ********* Started TC004_POST_Create_User **********
2021-02-18 18:46:00 INFO  Practise API:102 - *********  Finished TC004_POST_Create_User **********
2021-02-18 18:46:00 INFO  Practise API:51 - ********* Started TC005_PUT_Update_User_Details **********
2021-02-18 18:46:00 INFO  Practise API:104 - *********  Finished TC005_PUT_Update_User_Details **********
2021-02-18 18:46:00 INFO  Practise API:51 - ********* Started TC006_Partial_Update_in_User_Info **********
2021-02-18 18:46:01 INFO  Practise API:105 - *********  TC006_Partial_Update_in_User_Info **********
2021-02-18 18:46:01 INFO  Practise API:48 - ********* Started TC007_DELETE_User **********
2021-02-18 18:46:02 INFO  Practise API:85 - *********  Finished TC007_DELETE_User **********
2021-02-18 18:47:41 INFO  Practise API:51 - ********* Started TC005_PUT_Update_User_Details **********
2021-02-18 18:47:41 INFO  Practise API:104 - *********  Finished TC005_PUT_Update_User_Details **********
2021-02-18 18:48:41 INFO  Practise API:51 - ********* Started TC005_PUT_Update_User_Details **********
2021-02-18 18:48:41 INFO  Practise API:104 - *********  Finished TC005_PUT_Update_User_Details **********
2021-02-18 18:52:16 INFO  Practise API:51 - ********* Started TC005_PUT_Update_User_Details **********
2021-02-18 18:52:19 INFO  Practise API:104 - *********  Finished TC005_PUT_Update_User_Details **********
2021-02-18 18:53:00 INFO  Practise API:51 - ********* Started TC005_PUT_Update_User_Details **********
2021-02-18 18:53:02 INFO  Practise API:104 - *********  Finished TC005_PUT_Update_User_Details **********
2021-02-18 18:53:35 INFO  Practise API:51 - ********* Started TC005_PUT_Update_User_Details **********
2021-02-18 18:53:38 INFO  Practise API:104 - *********  Finished TC005_PUT_Update_User_Details **********
2021-02-18 18:54:14 INFO  Practise API:51 - ********* Started TC005_PUT_Update_User_Details **********
2021-02-18 18:54:17 INFO  Practise API:104 - *********  Finished TC005_PUT_Update_User_Details **********
2021-02-18 18:54:38 INFO  Practise API:23 - ********* Started TC001_GET_User_List **********
2021-02-18 18:54:40 INFO  Practise API:72 - *********  Finished TC001_Get_Users_List **********
2021-02-18 18:54:40 INFO  Practise API:23 - ********* Started TC002_GET_Single_User_Details **********
2021-02-18 18:54:40 INFO  Practise API:72 - *********  Finished TC002_Get_Single_User_Details **********
2021-02-18 18:54:40 INFO  Practise API:23 - ********* Started TC003_GET_User_Not_Found **********
2021-02-18 18:54:40 INFO  Practise API:53 - *********  Finished TC003_GET_User_Not_Found **********
2021-02-18 18:54:40 INFO  Practise API:51 - ********* Started TC004_POST_Create_User **********
2021-02-18 18:54:41 INFO  Practise API:102 - *********  Finished TC004_POST_Create_User **********
2021-02-18 18:54:41 INFO  Practise API:51 - ********* Started TC005_PUT_Update_User_Details **********
2021-02-18 18:54:43 INFO  Practise API:104 - *********  Finished TC005_PUT_Update_User_Details **********
2021-02-18 18:54:43 INFO  Practise API:51 - ********* Started TC006_Partial_Update_in_User_Info **********
2021-02-18 18:54:44 INFO  Practise API:105 - *********  TC006_Partial_Update_in_User_Info **********
2021-02-18 18:54:44 INFO  Practise API:48 - ********* Started TC007_DELETE_User **********
2021-02-18 18:54:45 INFO  Practise API:85 - *********  Finished TC007_DELETE_User **********
2021-02-18 18:57:54 INFO  Practise API:23 - ********* Started TC001_GET_User_List **********
2021-02-18 18:57:56 INFO  Practise API:72 - *********  Finished TC001_Get_Users_List **********
2021-02-18 18:57:56 INFO  Practise API:23 - ********* Started TC002_GET_Single_User_Details **********
2021-02-18 18:57:56 INFO  Practise API:72 - *********  Finished TC002_Get_Single_User_Details **********
2021-02-18 18:57:56 INFO  Practise API:23 - ********* Started TC003_GET_User_Not_Found **********
2021-02-18 18:57:56 INFO  Practise API:53 - *********  Finished TC003_GET_User_Not_Found **********
2021-02-18 18:57:56 INFO  Practise API:51 - ********* Started TC004_POST_Create_User **********
2021-02-18 18:57:57 INFO  Practise API:102 - *********  Finished TC004_POST_Create_User **********
2021-02-18 18:57:57 INFO  Practise API:51 - ********* Started TC005_PUT_Update_User_Details **********
2021-02-18 18:57:58 INFO  Practise API:104 - *********  Finished TC005_PUT_Update_User_Details **********
2021-02-18 18:57:58 INFO  Practise API:51 - ********* Started TC006_Partial_Update_in_User_Info **********
2021-02-18 18:57:59 INFO  Practise API:105 - *********  TC006_Partial_Update_in_User_Info **********
2021-02-18 18:57:59 INFO  Practise API:48 - ********* Started TC007_DELETE_User **********
2021-02-18 18:58:00 INFO  Practise API:85 - *********  Finished TC007_DELETE_User **********
2021-02-18 18:59:00 INFO  Practise API:23 - ********* Started TC001_GET_User_List **********
2021-02-18 18:59:02 INFO  Practise API:72 - *********  Finished TC001_Get_Users_List **********
2021-02-18 18:59:02 INFO  Practise API:23 - ********* Started TC002_GET_Single_User_Details **********
2021-02-18 18:59:02 INFO  Practise API:72 - *********  Finished TC002_Get_Single_User_Details **********
2021-02-18 18:59:02 INFO  Practise API:23 - ********* Started TC003_GET_User_Not_Found **********
2021-02-18 18:59:02 INFO  Practise API:53 - *********  Finished TC003_GET_User_Not_Found **********
2021-02-18 18:59:02 INFO  Practise API:51 - ********* Started TC004_POST_Create_User **********
2021-02-18 18:59:03 INFO  Practise API:102 - *********  Finished TC004_POST_Create_User **********
2021-02-18 18:59:03 INFO  Practise API:51 - ********* Started TC005_PUT_Update_User_Details **********
2021-02-18 18:59:04 INFO  Practise API:104 - *********  Finished TC005_PUT_Update_User_Details **********
2021-02-18 18:59:04 INFO  Practise API:51 - ********* Started TC006_Partial_Update_in_User_Info **********
2021-02-18 18:59:05 INFO  Practise API:105 - *********  TC006_Partial_Update_in_User_Info **********
2021-02-18 18:59:05 INFO  Practise API:48 - ********* Started TC007_DELETE_User **********
2021-02-18 18:59:06 INFO  Practise API:85 - *********  Finished TC007_DELETE_User **********
2021-02-18 19:12:56 INFO  Practise API:23 - ********* Started TC001_GET_User_List **********
2021-02-18 19:12:57 INFO  Practise API:72 - *********  Finished TC001_Get_Users_List **********
2021-02-18 19:12:57 INFO  Practise API:23 - ********* Started TC002_GET_Single_User_Details **********
2021-02-18 19:12:57 INFO  Practise API:72 - *********  Finished TC002_Get_Single_User_Details **********
2021-02-18 19:12:57 INFO  Practise API:23 - ********* Started TC003_GET_User_Not_Found **********
2021-02-18 19:12:59 INFO  Practise API:53 - *********  Finished TC003_GET_User_Not_Found **********
2021-02-18 19:12:59 INFO  Practise API:51 - ********* Started TC004_POST_Create_User **********
2021-02-18 19:12:59 INFO  Practise API:102 - *********  Finished TC004_POST_Create_User **********
2021-02-18 19:12:59 INFO  Practise API:51 - ********* Started TC005_PUT_Update_User_Details **********
2021-02-18 19:13:00 INFO  Practise API:104 - *********  Finished TC005_PUT_Update_User_Details **********
2021-02-18 19:13:00 INFO  Practise API:51 - ********* Started TC006_Partial_Update_in_User_Info **********
2021-02-18 19:13:01 INFO  Practise API:105 - *********  TC006_Partial_Update_in_User_Info **********
2021-02-18 19:13:01 INFO  Practise API:48 - ********* Started TC007_DELETE_User **********
2021-02-18 19:13:02 INFO  Practise API:85 - *********  Finished TC007_DELETE_User **********
2021-02-18 19:15:52 INFO  Practise API:23 - ********* Started TC001_GET_User_List **********
2021-02-18 19:15:54 INFO  Practise API:72 - *********  Finished TC001_Get_Users_List **********
2021-02-18 19:15:54 INFO  Practise API:23 - ********* Started TC002_GET_Single_User_Details **********
2021-02-18 19:15:54 INFO  Practise API:72 - *********  Finished TC002_Get_Single_User_Details **********
2021-02-18 19:15:54 INFO  Practise API:23 - ********* Started TC003_GET_User_Not_Found **********
2021-02-18 19:15:54 INFO  Practise API:53 - *********  Finished TC003_GET_User_Not_Found **********
2021-02-18 19:15:54 INFO  Practise API:51 - ********* Started TC004_POST_Create_User **********
2021-02-18 19:15:56 INFO  Practise API:102 - *********  Finished TC004_POST_Create_User **********
2021-02-18 19:15:56 INFO  Practise API:51 - ********* Started TC005_PUT_Update_User_Details **********
2021-02-18 19:15:56 INFO  Practise API:104 - *********  Finished TC005_PUT_Update_User_Details **********
2021-02-18 19:15:56 INFO  Practise API:51 - ********* Started TC006_Partial_Update_in_User_Info **********
2021-02-18 19:15:57 INFO  Practise API:105 - *********  TC006_Partial_Update_in_User_Info **********
2021-02-18 19:15:57 INFO  Practise API:48 - ********* Started TC007_DELETE_User **********
2021-02-18 19:15:58 INFO  Practise API:85 - *********  Finished TC007_DELETE_User **********
2021-02-18 19:26:15 INFO  Practise API:23 - ********* Started TC001_GET_User_List **********
2021-02-18 19:26:16 INFO  Practise API:72 - *********  Finished TC001_Get_Users_List **********
2021-02-18 19:26:16 INFO  Practise API:23 - ********* Started TC002_GET_Single_User_Details **********
2021-02-18 19:26:16 INFO  Practise API:72 - *********  Finished TC002_Get_Single_User_Details **********
2021-02-18 19:26:16 INFO  Practise API:23 - ********* Started TC003_GET_User_Not_Found **********
2021-02-18 19:26:18 INFO  Practise API:53 - *********  Finished TC003_GET_User_Not_Found **********
2021-02-18 19:26:18 INFO  Practise API:51 - ********* Started TC004_POST_Create_User **********
2021-02-18 19:26:18 INFO  Practise API:102 - *********  Finished TC004_POST_Create_User **********
2021-02-18 19:26:18 INFO  Practise API:51 - ********* Started TC005_PUT_Update_User_Details **********
2021-02-18 19:26:20 INFO  Practise API:104 - *********  Finished TC005_PUT_Update_User_Details **********
2021-02-18 19:26:20 INFO  Practise API:51 - ********* Started TC006_Partial_Update_in_User_Info **********
2021-02-18 19:26:21 INFO  Practise API:105 - *********  TC006_Partial_Update_in_User_Info **********
2021-02-18 19:26:21 INFO  Practise API:48 - ********* Started TC007_DELETE_User **********
2021-02-18 19:26:22 INFO  Practise API:85 - *********  Finished TC007_DELETE_User **********
2021-02-18 19:27:18 INFO  Practise API:23 - ********* Started TC001_GET_User_List **********
2021-02-18 19:27:20 INFO  Practise API:72 - *********  Finished TC001_Get_Users_List **********
2021-02-18 19:27:20 INFO  Practise API:23 - ********* Started TC002_GET_Single_User_Details **********
2021-02-18 19:27:20 INFO  Practise API:72 - *********  Finished TC002_Get_Single_User_Details **********
2021-02-18 19:27:20 INFO  Practise API:23 - ********* Started TC003_GET_User_Not_Found **********
2021-02-18 19:27:20 INFO  Practise API:53 - *********  Finished TC003_GET_User_Not_Found **********
2021-02-18 19:27:20 INFO  Practise API:51 - ********* Started TC004_POST_Create_User **********
2021-02-18 19:27:21 INFO  Practise API:102 - *********  Finished TC004_POST_Create_User **********
2021-02-18 19:27:21 INFO  Practise API:51 - ********* Started TC005_PUT_Update_User_Details **********
2021-02-18 19:27:22 INFO  Practise API:104 - *********  Finished TC005_PUT_Update_User_Details **********
2021-02-18 19:27:22 INFO  Practise API:51 - ********* Started TC006_Partial_Update_in_User_Info **********
2021-02-18 19:27:23 INFO  Practise API:105 - *********  TC006_Partial_Update_in_User_Info **********
2021-02-18 19:27:23 INFO  Practise API:48 - ********* Started TC007_DELETE_User **********
2021-02-18 19:27:24 INFO  Practise API:85 - *********  Finished TC007_DELETE_User **********
2021-02-18 19:32:47 INFO  Practise API:23 - ********* Started TC001_GET_User_List **********
2021-02-18 19:32:49 INFO  Practise API:72 - *********  Finished TC001_Get_Users_List **********
2021-02-18 19:32:49 INFO  Practise API:23 - ********* Started TC002_GET_Single_User_Details **********
2021-02-18 19:32:49 INFO  Practise API:72 - *********  Finished TC002_Get_Single_User_Details **********
2021-02-18 19:32:49 INFO  Practise API:23 - ********* Started TC003_GET_User_Not_Found **********
2021-02-18 19:32:49 INFO  Practise API:53 - *********  Finished TC003_GET_User_Not_Found **********
2021-02-18 19:32:49 INFO  Practise API:51 - ********* Started TC004_POST_Create_User **********
2021-02-18 19:32:50 INFO  Practise API:102 - *********  Finished TC004_POST_Create_User **********
2021-02-18 19:32:50 INFO  Practise API:51 - ********* Started TC005_PUT_Update_User_Details **********
2021-02-18 19:32:51 INFO  Practise API:104 - *********  Finished TC005_PUT_Update_User_Details **********
2021-02-18 19:32:51 INFO  Practise API:51 - ********* Started TC006_Partial_Update_in_User_Info **********
2021-02-18 19:32:52 INFO  Practise API:105 - *********  TC006_Partial_Update_in_User_Info **********
2021-02-18 19:32:52 INFO  Practise API:48 - ********* Started TC007_DELETE_User **********
2021-02-18 19:32:52 INFO  Practise API:85 - *********  Finished TC007_DELETE_User **********
2021-02-19 11:33:28 INFO  Practise API:23 - ********* Started TC001_GET_User_List **********
2021-02-19 11:33:30 INFO  Practise API:72 - *********  Finished TC001_Get_Users_List **********
2021-02-19 11:33:30 INFO  Practise API:23 - ********* Started TC002_GET_Single_User_Details **********
2021-02-19 11:33:30 INFO  Practise API:72 - *********  Finished TC002_Get_Single_User_Details **********
2021-02-19 11:33:30 INFO  Practise API:23 - ********* Started TC003_GET_User_Not_Found **********
2021-02-19 11:33:31 INFO  Practise API:53 - *********  Finished TC003_GET_User_Not_Found **********
2021-02-19 11:33:31 INFO  Practise API:51 - ********* Started TC004_POST_Create_User **********
2021-02-19 11:33:32 INFO  Practise API:102 - *********  Finished TC004_POST_Create_User **********
2021-02-19 11:33:32 INFO  Practise API:51 - ********* Started TC005_PUT_Update_User_Details **********
2021-02-19 11:33:33 INFO  Practise API:104 - *********  Finished TC005_PUT_Update_User_Details **********
2021-02-19 11:33:33 INFO  Practise API:51 - ********* Started TC006_Partial_Update_in_User_Info **********
2021-02-19 11:33:34 INFO  Practise API:105 - *********  TC006_Partial_Update_in_User_Info **********
2021-02-19 11:33:34 INFO  Practise API:48 - ********* Started TC007_DELETE_User **********
2021-02-19 11:33:34 INFO  Practise API:85 - *********  Finished TC007_DELETE_User **********
2021-02-19 17:49:04 INFO  Practise API:23 - ********* Started TC001_GET_User_List **********
2021-02-19 17:49:05 INFO  Practise API:72 - *********  Finished TC001_Get_Users_List **********
2021-02-19 17:49:05 INFO  Practise API:23 - ********* Started TC002_GET_Single_User_Details **********
2021-02-19 17:49:06 INFO  Practise API:72 - *********  Finished TC002_Get_Single_User_Details **********
2021-02-19 17:49:06 INFO  Practise API:23 - ********* Started TC003_GET_User_Not_Found **********
2021-02-19 17:49:07 INFO  Practise API:53 - *********  Finished TC003_GET_User_Not_Found **********
2021-02-19 17:49:07 INFO  Practise API:51 - ********* Started TC004_POST_Create_User **********
2021-02-19 17:49:07 INFO  Practise API:102 - *********  Finished TC004_POST_Create_User **********
2021-02-19 17:49:07 INFO  Practise API:51 - ********* Started TC005_PUT_Update_User_Details **********
2021-02-19 17:49:08 INFO  Practise API:104 - *********  Finished TC005_PUT_Update_User_Details **********
2021-02-19 17:49:08 INFO  Practise API:51 - ********* Started TC006_Partial_Update_in_User_Info **********
2021-02-19 17:49:09 INFO  Practise API:105 - *********  TC006_Partial_Update_in_User_Info **********
2021-02-19 17:49:09 INFO  Practise API:48 - ********* Started TC007_DELETE_User **********
2021-02-19 17:49:11 INFO  Practise API:85 - *********  Finished TC007_DELETE_User **********
2021-02-19 18:36:44 INFO  Practise API:23 - ********* Started TC001_GET_User_List **********
2021-02-19 18:36:47 INFO  Practise API:72 - *********  Finished TC001_Get_Users_List **********
2021-02-19 18:36:47 INFO  Practise API:23 - ********* Started TC002_GET_Single_User_Details **********
2021-02-19 18:36:47 INFO  Practise API:72 - *********  Finished TC002_Get_Single_User_Details **********
2021-02-19 18:36:47 INFO  Practise API:23 - ********* Started TC003_GET_User_Not_Found **********
2021-02-19 18:36:48 INFO  Practise API:53 - *********  Finished TC003_GET_User_Not_Found **********
2021-02-19 18:36:48 INFO  Practise API:51 - ********* Started TC004_POST_Create_User **********
2021-02-19 18:36:49 INFO  Practise API:102 - *********  Finished TC004_POST_Create_User **********
2021-02-19 18:36:49 INFO  Practise API:51 - ********* Started TC005_PUT_Update_User_Details **********
2021-02-19 18:36:50 INFO  Practise API:104 - *********  Finished TC005_PUT_Update_User_Details **********
2021-02-19 18:36:50 INFO  Practise API:51 - ********* Started TC006_Partial_Update_in_User_Info **********
2021-02-19 18:36:51 INFO  Practise API:105 - *********  TC006_Partial_Update_in_User_Info **********
2021-02-19 18:36:51 INFO  Practise API:48 - ********* Started TC007_DELETE_User **********
2021-02-19 18:36:52 INFO  Practise API:85 - *********  Finished TC007_DELETE_User **********
2021-02-19 18:37:22 INFO  Practise API:23 - ********* Started TC001_GET_User_List **********
2021-02-19 18:37:24 INFO  Practise API:23 - ********* Started TC002_GET_Single_User_Details **********
2021-02-19 18:37:24 INFO  Practise API:23 - ********* Started TC003_GET_User_Not_Found **********
2021-02-19 18:37:25 INFO  Practise API:51 - ********* Started TC004_POST_Create_User **********
2021-02-19 18:37:26 INFO  Practise API:51 - ********* Started TC005_PUT_Update_User_Details **********
2021-02-19 18:37:27 INFO  Practise API:51 - ********* Started TC006_Partial_Update_in_User_Info **********
2021-02-19 18:37:28 INFO  Practise API:48 - ********* Started TC007_DELETE_User **********
2021-02-22 11:28:09 INFO  Practise API:23 - ********* Started TC001_GET_User_List **********
2021-02-22 11:31:25 INFO  Practise API:72 - *********  Finished TC001_Get_Users_List **********
2021-02-22 11:32:28 INFO  Practise API:23 - ********* Started TC001_GET_User_List **********
2021-02-22 11:32:30 INFO  Practise API:72 - *********  Finished TC001_Get_Users_List **********
2021-02-22 17:34:05 INFO  Practise API:23 - ********* Started TC001_GET_User_List **********
2021-02-22 17:34:06 INFO  Practise API:72 - *********  Finished TC001_Get_Users_List **********
2021-02-22 17:34:06 INFO  Practise API:23 - ********* Started TC002_GET_Single_User_Details **********
2021-02-22 17:34:07 INFO  Practise API:72 - *********  Finished TC002_Get_Single_User_Details **********
2021-02-22 17:34:07 INFO  Practise API:23 - ********* Started TC003_GET_User_Not_Found **********
2021-02-22 17:34:07 INFO  Practise API:53 - *********  Finished TC003_GET_User_Not_Found **********
2021-02-22 17:34:08 INFO  Practise API:51 - ********* Started TC004_POST_Create_User **********
2021-02-22 17:34:08 INFO  Practise API:102 - *********  Finished TC004_POST_Create_User **********
2021-02-22 17:34:08 INFO  Practise API:51 - ********* Started TC005_PUT_Update_User_Details **********
2021-02-22 17:34:09 INFO  Practise API:104 - *********  Finished TC005_PUT_Update_User_Details **********
2021-02-22 17:34:09 INFO  Practise API:51 - ********* Started TC006_Partial_Update_in_User_Info **********
2021-02-22 17:34:10 INFO  Practise API:105 - *********  TC006_Partial_Update_in_User_Info **********
2021-02-22 17:34:10 INFO  Practise API:48 - ********* Started TC007_DELETE_User **********
2021-02-22 17:34:11 INFO  Practise API:85 - *********  Finished TC007_DELETE_User **********
2021-02-22 17:38:05 INFO  Practise API:23 - ********* Started TC001_GET_User_List **********
2021-02-22 17:38:11 INFO  Practise API:72 - *********  Finished TC001_Get_Users_List **********
2021-02-22 17:43:49 INFO  Practise API:23 - ********* Started TC001_GET_User_List **********
2021-02-22 17:43:51 INFO  Practise API:72 - *********  Finished TC001_Get_Users_List **********
2021-02-22 17:45:59 INFO  Practise API:23 - ********* Started TC001_GET_User_List **********
2021-02-22 17:46:01 INFO  Practise API:72 - *********  Finished TC001_Get_Users_List **********
2021-02-22 18:00:25 INFO  Practise API:23 - ********* Started TC001_GET_User_List **********
2021-02-22 18:00:27 INFO  Practise API:72 - *********  Finished TC001_Get_Users_List **********
2021-02-22 18:32:00 INFO  Practise API:22 - ********* Started TC001_GET_User_List **********
2021-02-22 18:32:00 INFO  Practise API:53 - *********  Finished TC001_Get_Users_List **********
2021-02-22 18:33:07 INFO  Practise API:22 - ********* Started TC001_GET_User_List **********
2021-02-22 18:33:08 INFO  Practise API:53 - *********  Finished TC001_Get_Users_List **********
2021-02-22 18:34:59 INFO  Practise API:21 - ********* Started TC001_GET_User_List **********
2021-02-22 18:34:59 INFO  Practise API:52 - *********  Finished TC001_Get_Users_List **********
2021-02-22 18:38:27 INFO  Practise API:21 - ********* Started TC001_GET_User_List **********
2021-02-22 18:38:27 INFO  Practise API:52 - *********  Finished TC001_Get_Users_List **********
2021-02-22 18:46:26 INFO  Practise API:19 - ********* Started TC001_GET_User_List **********
2021-02-22 18:46:26 INFO  Practise API:50 - *********  Finished TC001_Get_Users_List **********
2021-02-22 18:47:01 INFO  Practise API:19 - ********* Started TC001_GET_User_List **********
2021-02-22 18:47:01 INFO  Practise API:50 - *********  Finished TC001_Get_Users_List **********
2021-02-23 12:35:19 INFO  Practise API:19 - ********* Started TC001_GET_User_List **********
2021-02-23 12:35:19 INFO  Practise API:51 - *********  Finished TC001_Get_Users_List **********
2021-02-23 13:44:31 INFO  Practise API:23 - ********* Started TC002_GET_Single_User_Details **********
2021-02-23 13:44:33 INFO  Practise API:72 - *********  Finished TC002_Get_Single_User_Details **********
2021-02-23 14:15:13 INFO  Practise API:21 - ********* Started TC001_GET_User_List **********
2021-02-23 14:15:14 INFO  Practise API:52 - *********  Finished TC001_Get_Users_List **********
2021-02-23 14:15:37 INFO  Practise API:21 - ********* Started TC001_GET_User_List **********
2021-02-23 14:15:37 INFO  Practise API:52 - *********  Finished TC001_Get_Users_List **********
2021-02-23 14:23:56 INFO  Practise API:21 - ********* Started TC001_GET_User_List **********
2021-02-23 14:23:58 INFO  Practise API:52 - *********  Finished TC001_Get_Users_List **********
2021-02-23 14:25:47 INFO  Practise API:21 - ********* Started TC001_GET_User_List **********
2021-02-23 14:25:49 INFO  Practise API:52 - *********  Finished TC001_Get_Users_List **********
2021-02-23 14:27:39 INFO  Practise API:21 - ********* Started TC001_GET_User_List **********
2021-02-23 14:27:40 INFO  Practise API:52 - *********  Finished TC001_Get_Users_List **********
2021-02-23 14:28:32 INFO  Practise API:21 - ********* Started TC001_GET_User_List **********
2021-02-23 14:28:34 INFO  Practise API:52 - *********  Finished TC001_Get_Users_List **********
2021-02-23 14:30:16 INFO  Practise API:21 - ********* Started TC001_GET_User_List **********
2021-02-23 14:30:18 INFO  Practise API:52 - *********  Finished TC001_Get_Users_List **********
2021-02-23 14:31:36 INFO  Practise API:21 - ********* Started TC001_GET_User_List **********
2021-02-23 14:31:38 INFO  Practise API:52 - *********  Finished TC001_Get_Users_List **********
2021-02-23 14:44:14 INFO  Practise API:21 - ********* Started TC001_GET_User_List **********
2021-02-23 14:44:16 INFO  Practise API:52 - *********  Finished TC001_Get_Users_List **********
2021-02-23 14:44:56 INFO  Practise API:22 - ********* Started TC001_GET_User_List **********
2021-02-23 14:44:58 INFO  Practise API:53 - *********  Finished TC001_Get_Users_List **********
2021-02-23 14:47:31 INFO  Practise API:22 - ********* Started TC001_GET_User_List **********
2021-02-23 14:47:33 INFO  Practise API:53 - *********  Finished TC001_Get_Users_List **********
2021-02-23 14:48:28 INFO  Practise API:22 - ********* Started TC001_GET_User_List **********
2021-02-23 14:48:30 INFO  Practise API:53 - *********  Finished TC001_Get_Users_List **********
2021-02-23 14:52:37 INFO  Practise API:23 - ********* Started TC001_GET_User_List **********
2021-02-23 14:52:40 INFO  Practise API:54 - *********  Finished TC001_Get_Users_List **********
2021-02-23 15:10:02 INFO  Practise API:24 - ********* Started TC001_GET_User_List **********
2021-02-23 15:10:04 INFO  Practise API:58 - *********  Finished TC001_Get_Users_List **********
2021-02-23 15:17:43 INFO  Practise API:24 - ********* Started TC002_GET_Single_User_Details **********
2021-02-23 15:17:44 INFO  Practise API:58 - *********  Finished TC002_Get_Single_User_Details **********
2021-02-23 15:19:46 INFO  Practise API:24 - ********* Started TC001_GET_User_List **********
2021-02-23 15:19:48 INFO  Practise API:57 - *********  Finished TC001_Get_Users_List **********
2021-02-23 15:26:19 INFO  Practise API:24 - ********* Started TC002_GET_Single_User_Details **********
2021-02-23 15:26:21 INFO  Practise API:58 - *********  Finished TC002_Get_Single_User_Details **********
2021-02-23 15:27:29 INFO  Practise API:24 - ********* Started TC002_GET_Single_User_Details **********
2021-02-23 15:27:31 INFO  Practise API:58 - *********  Finished TC002_Get_Single_User_Details **********
2021-02-23 15:28:09 INFO  Practise API:24 - ********* Started TC002_GET_Single_User_Details **********
2021-02-23 15:28:11 INFO  Practise API:58 - *********  Finished TC002_Get_Single_User_Details **********
2021-02-23 15:29:26 INFO  Practise API:24 - ********* Started TC002_GET_Single_User_Details **********
2021-02-23 15:29:28 INFO  Practise API:58 - *********  Finished TC002_Get_Single_User_Details **********
2021-02-23 15:30:41 INFO  Practise API:24 - ********* Started TC002_GET_Single_User_Details **********
2021-02-23 15:30:43 INFO  Practise API:58 - *********  Finished TC002_Get_Single_User_Details **********
2021-02-23 15:37:37 INFO  Practise API:30 - ********* Started TC003_GET_User_Not_Found **********
2021-02-23 15:37:39 INFO  Practise API:52 - *********  Finished TC003_GET_User_Not_Found **********
2021-02-23 15:53:34 INFO  Practise API:24 - ********* Started TC001_GET_User_List **********
2021-02-23 15:53:36 INFO  Practise API:58 - *********  Finished TC001_Get_Users_List **********
2021-02-23 15:54:03 INFO  Practise API:50 - ********* Started TC004_POST_Create_User **********
2021-02-23 15:54:05 INFO  Practise API:82 - *********  Finished TC004_POST_Create_User **********
2021-02-23 15:54:38 INFO  Practise API:50 - ********* Started TC004_POST_Create_User **********
2021-02-23 15:54:40 INFO  Practise API:82 - *********  Finished TC004_POST_Create_User **********
2021-02-23 15:55:30 INFO  Practise API:24 - ********* Started TC002_GET_Single_User_Details **********
2021-02-23 15:55:32 INFO  Practise API:58 - *********  Finished TC002_Get_Single_User_Details **********
2021-02-23 15:55:55 INFO  Practise API:22 - ********* Started TC003_GET_User_Not_Found **********
2021-02-23 15:55:58 INFO  Practise API:44 - *********  Finished TC003_GET_User_Not_Found **********
2021-02-23 16:08:10 INFO  Practise API:51 - ********* Started TC004_POST_Create_User **********
2021-02-23 16:08:12 INFO  Practise API:83 - *********  Finished TC004_POST_Create_User **********
2021-02-23 16:17:05 INFO  Practise API:51 - ********* Started TC004_POST_Create_User **********
2021-02-23 16:17:07 INFO  Practise API:83 - *********  Finished TC004_POST_Create_User **********
2021-02-23 16:20:03 INFO  Practise API:26 - ********* Started TC005_PUT_Update_User_Details **********
2021-02-23 16:20:06 INFO  Practise API:58 - *********  Finished TC005_PUT_Update_User_Details **********
2021-02-23 16:45:18 INFO  Practise API:49 - ********* Started TC006_Partial_Update_in_User_Info **********
2021-02-23 16:45:20 INFO  Practise API:81 - *********  TC006_Partial_Update_in_User_Info **********
2021-02-23 16:55:38 INFO  Practise API:49 - ********* Started TC007_DELETE_User **********
2021-02-23 16:55:41 INFO  Practise API:75 - *********  Finished TC007_DELETE_User **********
2021-02-23 17:06:38 INFO  Practise API:24 - ********* Started TC001_GET_User_List **********
2021-02-23 17:06:40 INFO  Practise API:58 - *********  Finished TC001_Get_Users_List **********
2021-02-23 17:06:40 INFO  Practise API:24 - ********* Started TC002_GET_Single_User_Details **********
2021-02-23 17:06:40 INFO  Practise API:58 - *********  Finished TC002_Get_Single_User_Details **********
2021-02-23 17:06:40 INFO  Practise API:22 - ********* Started TC003_GET_User_Not_Found **********
2021-02-23 17:06:40 INFO  Practise API:44 - *********  Finished TC003_GET_User_Not_Found **********
2021-02-23 17:06:40 INFO  Practise API:49 - ********* Started TC004_POST_Create_User **********
2021-02-23 17:06:41 INFO  Practise API:81 - *********  Finished TC004_POST_Create_User **********
2021-02-23 17:06:41 INFO  Practise API:24 - ********* Started TC005_PUT_Update_User_Details **********
2021-02-23 17:06:42 INFO  Practise API:56 - *********  Finished TC005_PUT_Update_User_Details **********
2021-02-23 17:06:42 INFO  Practise API:49 - ********* Started TC006_Partial_Update_in_User_Info **********
2021-02-23 17:06:42 INFO  Practise API:81 - *********  TC006_Partial_Update_in_User_Info **********
2021-02-23 17:06:42 INFO  Practise API:49 - ********* Started TC007_DELETE_User **********
2021-02-23 17:06:43 INFO  Practise API:75 - *********  Finished TC007_DELETE_User **********
2021-02-23 17:10:19 INFO  Practise API:24 - ********* Started TC001_GET_User_List **********
2021-02-23 17:10:21 INFO  Practise API:58 - *********  Finished TC001_Get_Users_List **********
2021-02-23 17:10:21 INFO  Practise API:24 - ********* Started TC002_GET_Single_User_Details **********
2021-02-23 17:10:21 INFO  Practise API:58 - *********  Finished TC002_Get_Single_User_Details **********
2021-02-23 17:10:21 INFO  Practise API:22 - ********* Started TC003_GET_User_Not_Found **********
2021-02-23 17:10:21 INFO  Practise API:44 - *********  Finished TC003_GET_User_Not_Found **********
2021-02-23 17:10:21 INFO  Practise API:49 - ********* Started TC004_POST_Create_User **********
2021-02-23 17:10:22 INFO  Practise API:81 - *********  Finished TC004_POST_Create_User **********
2021-02-23 17:10:22 INFO  Practise API:24 - ********* Started TC005_PUT_Update_User_Details **********
2021-02-23 17:10:23 INFO  Practise API:56 - *********  Finished TC005_PUT_Update_User_Details **********
2021-02-23 17:10:23 INFO  Practise API:49 - ********* Started TC006_Partial_Update_in_User_Info **********
2021-02-23 17:10:23 INFO  Practise API:81 - *********  TC006_Partial_Update_in_User_Info **********
2021-02-23 17:10:23 INFO  Practise API:49 - ********* Started TC007_DELETE_User **********
2021-02-23 17:10:24 INFO  Practise API:75 - *********  Finished TC007_DELETE_User **********
2021-02-23 17:11:01 INFO  Practise API:24 - ********* Started TC001_GET_User_List **********
2021-02-23 17:11:03 INFO  Practise API:58 - *********  Finished TC001_Get_Users_List **********
2021-02-23 17:11:03 INFO  Practise API:24 - ********* Started TC002_GET_Single_User_Details **********
2021-02-23 17:11:04 INFO  Practise API:58 - *********  Finished TC002_Get_Single_User_Details **********
2021-02-23 17:11:04 INFO  Practise API:22 - ********* Started TC003_GET_User_Not_Found **********
2021-02-23 17:11:04 INFO  Practise API:44 - *********  Finished TC003_GET_User_Not_Found **********
2021-02-23 17:11:04 INFO  Practise API:49 - ********* Started TC004_POST_Create_User **********
2021-02-23 17:11:05 INFO  Practise API:81 - *********  Finished TC004_POST_Create_User **********
2021-02-23 17:11:05 INFO  Practise API:24 - ********* Started TC005_PUT_Update_User_Details **********
2021-02-23 17:11:06 INFO  Practise API:56 - *********  Finished TC005_PUT_Update_User_Details **********
2021-02-23 17:11:06 INFO  Practise API:49 - ********* Started TC006_Partial_Update_in_User_Info **********
2021-02-23 17:11:07 INFO  Practise API:81 - *********  TC006_Partial_Update_in_User_Info **********
2021-02-23 17:11:07 INFO  Practise API:49 - ********* Started TC007_DELETE_User **********
2021-02-23 17:11:07 INFO  Practise API:75 - *********  Finished TC007_DELETE_User **********
2021-02-23 17:11:27 INFO  Practise API:24 - ********* Started TC001_GET_User_List **********
2021-02-23 17:11:29 INFO  Practise API:58 - *********  Finished TC001_Get_Users_List **********
2021-02-23 17:11:29 INFO  Practise API:24 - ********* Started TC002_GET_Single_User_Details **********
2021-02-23 17:11:29 INFO  Practise API:58 - *********  Finished TC002_Get_Single_User_Details **********
2021-02-23 17:11:29 INFO  Practise API:22 - ********* Started TC003_GET_User_Not_Found **********
2021-02-23 17:11:29 INFO  Practise API:44 - *********  Finished TC003_GET_User_Not_Found **********
2021-02-23 17:11:29 INFO  Practise API:49 - ********* Started TC004_POST_Create_User **********
2021-02-23 17:11:30 INFO  Practise API:81 - *********  Finished TC004_POST_Create_User **********
2021-02-23 17:11:30 INFO  Practise API:24 - ********* Started TC005_PUT_Update_User_Details **********
2021-02-23 17:11:31 INFO  Practise API:56 - *********  Finished TC005_PUT_Update_User_Details **********
2021-02-23 17:11:31 INFO  Practise API:49 - ********* Started TC006_Partial_Update_in_User_Info **********
2021-02-23 17:11:31 INFO  Practise API:81 - *********  TC006_Partial_Update_in_User_Info **********
2021-02-23 17:11:31 INFO  Practise API:49 - ********* Started TC007_DELETE_User **********
2021-02-23 17:11:32 INFO  Practise API:75 - *********  Finished TC007_DELETE_User **********
2021-02-23 17:13:21 INFO  Practise API:24 - ********* Started TC001_GET_User_List **********
2021-02-23 17:13:24 INFO  Practise API:58 - *********  Finished TC001_Get_Users_List **********
2021-02-23 17:13:24 INFO  Practise API:24 - ********* Started TC002_GET_Single_User_Details **********
2021-02-23 17:13:24 INFO  Practise API:58 - *********  Finished TC002_Get_Single_User_Details **********
2021-02-23 17:13:24 INFO  Practise API:22 - ********* Started TC003_GET_User_Not_Found **********
2021-02-23 17:13:25 INFO  Practise API:44 - *********  Finished TC003_GET_User_Not_Found **********
2021-02-23 17:13:25 INFO  Practise API:49 - ********* Started TC004_POST_Create_User **********
2021-02-23 17:13:26 INFO  Practise API:81 - *********  Finished TC004_POST_Create_User **********
2021-02-23 17:13:26 INFO  Practise API:24 - ********* Started TC005_PUT_Update_User_Details **********
2021-02-23 17:13:26 INFO  Practise API:56 - *********  Finished TC005_PUT_Update_User_Details **********
2021-02-23 17:13:26 INFO  Practise API:49 - ********* Started TC006_Partial_Update_in_User_Info **********
2021-02-23 17:13:27 INFO  Practise API:81 - *********  TC006_Partial_Update_in_User_Info **********
2021-02-23 17:13:27 INFO  Practise API:49 - ********* Started TC007_DELETE_User **********
2021-02-23 17:13:27 INFO  Practise API:75 - *********  Finished TC007_DELETE_User **********
2021-02-23 18:03:59 INFO  Practise API:24 - ********* Started TC001_GET_User_List **********
2021-02-23 18:04:01 INFO  Practise API:24 - ********* Started TC002_GET_Single_User_Details **********
2021-02-23 18:04:02 INFO  Practise API:22 - ********* Started TC003_GET_User_Not_Found **********
2021-02-23 18:04:02 INFO  Practise API:49 - ********* Started TC004_POST_Create_User **********
2021-02-23 18:04:03 INFO  Practise API:24 - ********* Started TC005_PUT_Update_User_Details **********
2021-02-23 18:04:03 INFO  Practise API:49 - ********* Started TC006_Partial_Update_in_User_Info **********
2021-02-23 18:04:04 INFO  Practise API:49 - ********* Started TC007_DELETE_User **********
2021-02-23 18:10:43 INFO  Practise API:24 - ********* Started TC001_GET_User_List **********
2021-02-23 18:10:45 INFO  Practise API:24 - ********* Started TC002_GET_Single_User_Details **********
2021-02-23 18:10:46 INFO  Practise API:22 - ********* Started TC003_GET_User_Not_Found **********
2021-02-23 18:10:46 INFO  Practise API:49 - ********* Started TC004_POST_Create_User **********
2021-02-23 18:10:47 INFO  Practise API:24 - ********* Started TC005_PUT_Update_User_Details **********
2021-02-23 18:10:48 INFO  Practise API:49 - ********* Started TC006_Partial_Update_in_User_Info **********
2021-02-23 18:10:49 INFO  Practise API:49 - ********* Started TC007_DELETE_User **********
2021-02-24 09:55:33 INFO  Practise API:24 - ********* Started TC001_GET_User_List **********
2021-02-24 09:55:34 INFO  Practise API:58 - *********  Finished TC001_Get_Users_List **********
2021-02-24 09:55:34 INFO  Practise API:24 - ********* Started TC002_GET_Single_User_Details **********
2021-02-24 09:55:35 INFO  Practise API:58 - *********  Finished TC002_Get_Single_User_Details **********
2021-02-24 09:55:35 INFO  Practise API:22 - ********* Started TC003_GET_User_Not_Found **********
2021-02-24 09:55:35 INFO  Practise API:44 - *********  Finished TC003_GET_User_Not_Found **********
2021-02-24 09:55:35 INFO  Practise API:49 - ********* Started TC004_POST_Create_User **********
2021-02-24 09:55:36 INFO  Practise API:81 - *********  Finished TC004_POST_Create_User **********
2021-02-24 09:55:36 INFO  Practise API:24 - ********* Started TC005_PUT_Update_User_Details **********
2021-02-24 09:55:36 INFO  Practise API:56 - *********  Finished TC005_PUT_Update_User_Details **********
2021-02-24 09:55:36 INFO  Practise API:49 - ********* Started TC006_Partial_Update_in_User_Info **********
2021-02-24 09:55:37 INFO  Practise API:81 - *********  TC006_Partial_Update_in_User_Info **********
2021-02-24 09:55:37 INFO  Practise API:49 - ********* Started TC007_DELETE_User **********
2021-02-24 09:55:37 INFO  Practise API:75 - *********  Finished TC007_DELETE_User **********
2021-02-24 09:59:04 INFO  Practise API:24 - ********* Started TC001_GET_User_List **********
2021-02-24 09:59:05 INFO  Practise API:58 - *********  Finished TC001_Get_Users_List **********
2021-02-24 09:59:05 INFO  Practise API:24 - ********* Started TC002_GET_Single_User_Details **********
2021-02-24 09:59:06 INFO  Practise API:58 - *********  Finished TC002_Get_Single_User_Details **********
2021-02-24 09:59:06 INFO  Practise API:22 - ********* Started TC003_GET_User_Not_Found **********
2021-02-24 09:59:06 INFO  Practise API:44 - *********  Finished TC003_GET_User_Not_Found **********
2021-02-24 09:59:06 INFO  Practise API:49 - ********* Started TC004_POST_Create_User **********
2021-02-24 09:59:07 INFO  Practise API:81 - *********  Finished TC004_POST_Create_User **********
2021-02-24 09:59:07 INFO  Practise API:24 - ********* Started TC005_PUT_Update_User_Details **********
2021-02-24 09:59:07 INFO  Practise API:56 - *********  Finished TC005_PUT_Update_User_Details **********
2021-02-24 09:59:07 INFO  Practise API:49 - ********* Started TC006_Partial_Update_in_User_Info **********
2021-02-24 09:59:08 INFO  Practise API:81 - *********  TC006_Partial_Update_in_User_Info **********
2021-02-24 09:59:08 INFO  Practise API:49 - ********* Started TC007_DELETE_User **********
2021-02-24 09:59:08 INFO  Practise API:75 - *********  Finished TC007_DELETE_User **********
2021-02-24 10:00:01 INFO  Practise API:24 - ********* Started TC001_GET_User_List **********
2021-02-24 10:00:02 INFO  Practise API:58 - *********  Finished TC001_Get_Users_List **********
2021-02-24 10:00:02 INFO  Practise API:24 - ********* Started TC002_GET_Single_User_Details **********
2021-02-24 10:00:03 INFO  Practise API:58 - *********  Finished TC002_Get_Single_User_Details **********
2021-02-24 10:00:03 INFO  Practise API:22 - ********* Started TC003_GET_User_Not_Found **********
2021-02-24 10:00:03 INFO  Practise API:44 - *********  Finished TC003_GET_User_Not_Found **********
2021-02-24 10:00:03 INFO  Practise API:49 - ********* Started TC004_POST_Create_User **********
2021-02-24 10:00:04 INFO  Practise API:81 - *********  Finished TC004_POST_Create_User **********
2021-02-24 10:00:04 INFO  Practise API:24 - ********* Started TC005_PUT_Update_User_Details **********
2021-02-24 10:00:04 INFO  Practise API:56 - *********  Finished TC005_PUT_Update_User_Details **********
2021-02-24 10:00:04 INFO  Practise API:49 - ********* Started TC006_Partial_Update_in_User_Info **********
2021-02-24 10:00:05 INFO  Practise API:81 - *********  TC006_Partial_Update_in_User_Info **********
2021-02-24 10:00:05 INFO  Practise API:49 - ********* Started TC007_DELETE_User **********
2021-02-24 10:00:05 INFO  Practise API:75 - *********  Finished TC007_DELETE_User **********
2021-02-25 14:26:38 INFO  Practise API:24 - ********* Started TC001_GET_User_List **********
2021-02-25 14:26:40 INFO  Practise API:58 - *********  Finished TC001_Get_Users_List **********
2021-02-25 14:26:40 INFO  Practise API:24 - ********* Started TC002_GET_Single_User_Details **********
2021-02-25 14:26:41 INFO  Practise API:58 - *********  Finished TC002_Get_Single_User_Details **********
2021-02-25 14:26:41 INFO  Practise API:22 - ********* Started TC003_GET_User_Not_Found **********
2021-02-25 14:26:42 INFO  Practise API:44 - *********  Finished TC003_GET_User_Not_Found **********
2021-02-25 14:26:42 INFO  Practise API:49 - ********* Started TC004_POST_Create_User **********
2021-02-25 14:26:43 INFO  Practise API:81 - *********  Finished TC004_POST_Create_User **********
2021-02-25 14:26:43 INFO  Practise API:24 - ********* Started TC005_PUT_Update_User_Details **********
2021-02-25 14:26:44 INFO  Practise API:56 - *********  Finished TC005_PUT_Update_User_Details **********
2021-02-25 14:26:44 INFO  Practise API:49 - ********* Started TC006_Partial_Update_in_User_Info **********
2021-02-25 14:26:44 INFO  Practise API:81 - *********  TC006_Partial_Update_in_User_Info **********
2021-02-25 14:26:44 INFO  Practise API:49 - ********* Started TC007_DELETE_User **********
2021-02-25 14:26:45 INFO  Practise API:75 - *********  Finished TC007_DELETE_User **********
2021-02-28 20:59:43 INFO  Practise API:24 - ********* Started TC001_GET_User_List **********
2021-02-28 20:59:44 INFO  Practise API:58 - *********  Finished TC001_Get_Users_List **********
2021-02-28 20:59:44 INFO  Practise API:24 - ********* Started TC002_GET_Single_User_Details **********
2021-02-28 20:59:45 INFO  Practise API:58 - *********  Finished TC002_Get_Single_User_Details **********
2021-02-28 20:59:45 INFO  Practise API:22 - ********* Started TC003_GET_User_Not_Found **********
2021-02-28 20:59:45 INFO  Practise API:44 - *********  Finished TC003_GET_User_Not_Found **********
2021-02-28 20:59:45 INFO  Practise API:49 - ********* Started TC004_POST_Create_User **********
2021-02-28 20:59:46 INFO  Practise API:81 - *********  Finished TC004_POST_Create_User **********
2021-02-28 20:59:46 INFO  Practise API:24 - ********* Started TC005_PUT_Update_User_Details **********
2021-02-28 20:59:47 INFO  Practise API:56 - *********  Finished TC005_PUT_Update_User_Details **********
2021-02-28 20:59:47 INFO  Practise API:49 - ********* Started TC006_Partial_Update_in_User_Info **********
2021-02-28 20:59:47 INFO  Practise API:81 - *********  TC006_Partial_Update_in_User_Info **********
2021-02-28 20:59:47 INFO  Practise API:49 - ********* Started TC007_DELETE_User **********
2021-02-28 20:59:48 INFO  Practise API:75 - *********  Finished TC007_DELETE_User **********
2021-03-01 16:04:11 INFO  Practise API:24 - ********* Started TC001_GET_User_List **********
2021-03-01 16:04:12 INFO  Practise API:58 - *********  Finished TC001_Get_Users_List **********
2021-03-01 16:04:12 INFO  Practise API:24 - ********* Started TC002_GET_Single_User_Details **********
2021-03-01 16:04:13 INFO  Practise API:58 - *********  Finished TC002_Get_Single_User_Details **********
2021-03-01 16:04:13 INFO  Practise API:22 - ********* Started TC003_GET_User_Not_Found **********
2021-03-01 16:04:13 INFO  Practise API:44 - *********  Finished TC003_GET_User_Not_Found **********
2021-03-01 16:04:13 INFO  Practise API:49 - ********* Started TC004_POST_Create_User **********
2021-03-01 16:04:14 INFO  Practise API:81 - *********  Finished TC004_POST_Create_User **********
2021-03-01 16:04:14 INFO  Practise API:24 - ********* Started TC005_PUT_Update_User_Details **********
2021-03-01 16:04:14 INFO  Practise API:56 - *********  Finished TC005_PUT_Update_User_Details **********
2021-03-01 16:04:14 INFO  Practise API:49 - ********* Started TC006_Partial_Update_in_User_Info **********
2021-03-01 16:04:15 INFO  Practise API:81 - *********  TC006_Partial_Update_in_User_Info **********
2021-03-01 16:04:15 INFO  Practise API:49 - ********* Started TC007_DELETE_User **********
2021-03-01 16:04:15 INFO  Practise API:75 - *********  Finished TC007_DELETE_User **********
2021-03-01 16:05:00 INFO  Practise API:24 - ********* Started TC001_GET_User_List **********
2021-03-01 16:05:01 INFO  Practise API:58 - *********  Finished TC001_Get_Users_List **********
2021-03-01 16:05:01 INFO  Practise API:24 - ********* Started TC002_GET_Single_User_Details **********
2021-03-01 16:05:02 INFO  Practise API:58 - *********  Finished TC002_Get_Single_User_Details **********
2021-03-01 16:05:02 INFO  Practise API:22 - ********* Started TC003_GET_User_Not_Found **********
2021-03-01 16:05:02 INFO  Practise API:44 - *********  Finished TC003_GET_User_Not_Found **********
2021-03-01 16:05:02 INFO  Practise API:49 - ********* Started TC004_POST_Create_User **********
2021-03-01 16:05:02 INFO  Practise API:81 - *********  Finished TC004_POST_Create_User **********
2021-03-01 16:05:02 INFO  Practise API:24 - ********* Started TC005_PUT_Update_User_Details **********
2021-03-01 16:05:03 INFO  Practise API:56 - *********  Finished TC005_PUT_Update_User_Details **********
2021-03-01 16:05:03 INFO  Practise API:49 - ********* Started TC006_Partial_Update_in_User_Info **********
2021-03-01 16:05:03 INFO  Practise API:81 - *********  TC006_Partial_Update_in_User_Info **********
2021-03-01 16:05:03 INFO  Practise API:49 - ********* Started TC007_DELETE_User **********
2021-03-01 16:05:04 INFO  Practise API:75 - *********  Finished TC007_DELETE_User **********
2021-03-01 16:05:29 INFO  Practise API:24 - ********* Started TC001_GET_User_List **********
2021-03-01 16:05:31 INFO  Practise API:58 - *********  Finished TC001_Get_Users_List **********
2021-03-01 16:05:31 INFO  Practise API:24 - ********* Started TC002_GET_Single_User_Details **********
2021-03-01 16:05:31 INFO  Practise API:58 - *********  Finished TC002_Get_Single_User_Details **********
2021-03-01 16:05:31 INFO  Practise API:22 - ********* Started TC003_GET_User_Not_Found **********
2021-03-01 16:05:31 INFO  Practise API:44 - *********  Finished TC003_GET_User_Not_Found **********
2021-03-01 16:05:31 INFO  Practise API:49 - ********* Started TC004_POST_Create_User **********
2021-03-01 16:05:32 INFO  Practise API:81 - *********  Finished TC004_POST_Create_User **********
2021-03-01 16:05:32 INFO  Practise API:24 - ********* Started TC005_PUT_Update_User_Details **********
2021-03-01 16:05:32 INFO  Practise API:56 - *********  Finished TC005_PUT_Update_User_Details **********
2021-03-01 16:05:32 INFO  Practise API:49 - ********* Started TC006_Partial_Update_in_User_Info **********
2021-03-01 16:05:33 INFO  Practise API:81 - *********  TC006_Partial_Update_in_User_Info **********
2021-03-01 16:05:33 INFO  Practise API:49 - ********* Started TC007_DELETE_User **********
2021-03-01 16:05:34 INFO  Practise API:75 - *********  Finished TC007_DELETE_User **********
2021-03-03 16:29:18 INFO  Practise API:24 - ********* Started TC001_GET_User_List **********
2021-03-03 16:29:20 INFO  Practise API:58 - *********  Finished TC001_Get_Users_List **********
2021-03-03 16:29:20 INFO  Practise API:24 - ********* Started TC002_GET_Single_User_Details **********
2021-03-03 16:29:21 INFO  Practise API:58 - *********  Finished TC002_Get_Single_User_Details **********
2021-03-03 16:29:21 INFO  Practise API:22 - ********* Started TC003_GET_User_Not_Found **********
2021-03-03 16:29:21 INFO  Practise API:44 - *********  Finished TC003_GET_User_Not_Found **********
2021-03-03 16:29:21 INFO  Practise API:49 - ********* Started TC004_POST_Create_User **********
2021-03-03 16:29:22 INFO  Practise API:81 - *********  Finished TC004_POST_Create_User **********
2021-03-03 16:29:22 INFO  Practise API:24 - ********* Started TC005_PUT_Update_User_Details **********
2021-03-03 16:29:22 INFO  Practise API:56 - *********  Finished TC005_PUT_Update_User_Details **********
2021-03-03 16:29:22 INFO  Practise API:49 - ********* Started TC006_Partial_Update_in_User_Info **********
2021-03-03 16:29:23 INFO  Practise API:81 - *********  TC006_Partial_Update_in_User_Info **********
2021-03-03 16:29:23 INFO  Practise API:49 - ********* Started TC007_DELETE_User **********
2021-03-03 16:29:23 INFO  Practise API:75 - *********  Finished TC007_DELETE_User **********
2021-09-29 12:32:44 INFO  Practise API:24 - ********* Started TC001_GET_User_List **********
2021-09-29 12:32:46 INFO  Practise API:58 - *********  Finished TC001_Get_Users_List **********
2021-09-29 12:32:46 INFO  Practise API:24 - ********* Started TC002_GET_Single_User_Details **********
2021-09-29 12:32:46 INFO  Practise API:58 - *********  Finished TC002_Get_Single_User_Details **********
2021-09-29 12:32:46 INFO  Practise API:22 - ********* Started TC003_GET_User_Not_Found **********
2021-09-29 12:32:47 INFO  Practise API:44 - *********  Finished TC003_GET_User_Not_Found **********
2021-09-29 12:32:47 INFO  Practise API:49 - ********* Started TC004_POST_Create_User **********
2021-09-29 12:32:47 INFO  Practise API:81 - *********  Finished TC004_POST_Create_User **********
2021-09-29 12:32:47 INFO  Practise API:24 - ********* Started TC005_PUT_Update_User_Details **********
2021-09-29 12:32:48 INFO  Practise API:56 - *********  Finished TC005_PUT_Update_User_Details **********
2021-09-29 12:32:48 INFO  Practise API:49 - ********* Started TC006_Partial_Update_in_User_Info **********
2021-09-29 12:32:48 INFO  Practise API:81 - *********  TC006_Partial_Update_in_User_Info **********
2021-09-29 12:32:48 INFO  Practise API:49 - ********* Started TC007_DELETE_User **********
2021-09-29 12:32:49 INFO  Practise API:75 - *********  Finished TC007_DELETE_User **********
2021-09-29 14:02:57 INFO  Practise API:24 - ********* Started TC001_GET_User_List **********
2021-09-29 14:02:58 INFO  Practise API:58 - *********  Finished TC001_Get_Users_List **********
2021-09-29 14:02:58 INFO  Practise API:24 - ********* Started TC002_GET_Single_User_Details **********
2021-09-29 14:02:59 INFO  Practise API:58 - *********  Finished TC002_Get_Single_User_Details **********
2021-09-29 14:02:59 INFO  Practise API:22 - ********* Started TC003_GET_User_Not_Found **********
2021-09-29 14:03:00 INFO  Practise API:44 - *********  Finished TC003_GET_User_Not_Found **********
2021-09-29 14:03:00 INFO  Practise API:49 - ********* Started TC004_POST_Create_User **********
2021-09-29 14:03:00 INFO  Practise API:81 - *********  Finished TC004_POST_Create_User **********
2021-09-29 14:03:00 INFO  Practise API:24 - ********* Started TC005_PUT_Update_User_Details **********
2021-09-29 14:03:01 INFO  Practise API:56 - *********  Finished TC005_PUT_Update_User_Details **********
2021-09-29 14:03:01 INFO  Practise API:49 - ********* Started TC006_Partial_Update_in_User_Info **********
2021-09-29 14:03:02 INFO  Practise API:81 - *********  TC006_Partial_Update_in_User_Info **********
2021-09-29 14:03:02 INFO  Practise API:49 - ********* Started TC007_DELETE_User **********
2021-09-29 14:03:03 INFO  Practise API:75 - *********  Finished TC007_DELETE_User **********
2021-09-29 15:14:56 INFO  Practise API:24 - ********* Started TC001_GET_User_List **********
2021-09-29 15:14:57 INFO  Practise API:58 - *********  Finished TC001_Get_Users_List **********
2021-09-29 15:14:57 INFO  Practise API:24 - ********* Started TC002_GET_Single_User_Details **********
2021-09-29 15:14:58 INFO  Practise API:58 - *********  Finished TC002_Get_Single_User_Details **********
2021-09-29 15:14:58 INFO  Practise API:22 - ********* Started TC003_GET_User_Not_Found **********
2021-09-29 15:14:58 INFO  Practise API:44 - *********  Finished TC003_GET_User_Not_Found **********
2021-09-29 15:14:58 INFO  Practise API:49 - ********* Started TC004_POST_Create_User **********
2021-09-29 15:14:59 INFO  Practise API:81 - *********  Finished TC004_POST_Create_User **********
2021-09-29 15:14:59 INFO  Practise API:24 - ********* Started TC005_PUT_Update_User_Details **********
2021-09-29 15:14:59 INFO  Practise API:56 - *********  Finished TC005_PUT_Update_User_Details **********
2021-09-29 15:14:59 INFO  Practise API:49 - ********* Started TC006_Partial_Update_in_User_Info **********
2021-09-29 15:15:00 INFO  Practise API:81 - *********  TC006_Partial_Update_in_User_Info **********
2021-09-29 15:15:00 INFO  Practise API:49 - ********* Started TC007_DELETE_User **********
2021-09-29 15:15:00 INFO  Practise API:75 - *********  Finished TC007_DELETE_User **********
